
7월 21, 2018 23:31:51.79 NEW SESSION
7월 21, 2018 23:31:51.79 [0721/233151.793:ERROR:crash_report_database_win.cc(428)] unexpected header
7월 21, 2018 23:34:26.40 [0721/233426.408:ERROR:crash_report_database_win.cc(428)] unexpected header
7월 21, 2018 23:34:54.18 [0721/233454.183:ERROR:crash_report_database_win.cc(428)] unexpected header
7월 21, 2018 23:36:04.52 [0721/233604.522:ERROR:crash_report_database_win.cc(428)] unexpected header
7월 21, 2018 23:37:54.82 [0721/233754.823:ERROR:crash_report_database_win.cc(428)] unexpected header
7월 21, 2018 23:42:30.04 [0721/234230.045:ERROR:crash_report_database_win.cc(428)] unexpected header
7월 21, 2018 23:42:44.75 [0721/234244.755:ERROR:crash_report_database_win.cc(428)] unexpected header
7월 22, 2018 01:03:11.76 [0722/010311.762:ERROR:crash_report_database_win.cc(428)] unexpected header
7월 22, 2018 01:05:35.88 [0722/010535.887:ERROR:crash_report_database_win.cc(428)] unexpected header
7월 22, 2018 01:05:54.35 [0722/010554.355:ERROR:crash_report_database_win.cc(428)] unexpected header
7월 22, 2018 01:06:49.15 [0722/010649.150:ERROR:crash_report_database_win.cc(428)] unexpected header
7월 22, 2018 01:06:49.20 [17616:5636:0722/010649.200:ERROR:install_util.cc(589)] Unable to create registry key HKLM\SOFTWARE\Policies\Google\Chrome for reading result=2
7월 22, 2018 01:07:01.24 [0722/010701.248:ERROR:crash_report_database_win.cc(428)] unexpected header
7월 22, 2018 01:07:32.40 [0722/010732.399:ERROR:crash_report_database_win.cc(428)] unexpected header
7월 22, 2018 01:07:32.45 [9340:18356:0722/010732.451:ERROR:install_util.cc(589)] Unable to create registry key HKLM\SOFTWARE\Policies\Google\Chrome for reading result=2
7월 22, 2018 01:08:04.76 [0722/010804.767:ERROR:crash_report_database_win.cc(428)] unexpected header
7월 22, 2018 01:08:04.80 [8388:10416:0722/010804.806:ERROR:install_util.cc(589)] Unable to create registry key HKLM\SOFTWARE\Policies\Google\Chrome for reading result=2
7월 22, 2018 01:08:27.15 [0722/010827.152:ERROR:crash_report_database_win.cc(428)] unexpected header
7월 22, 2018 01:08:27.18 [10828:11196:0722/010827.188:ERROR:install_util.cc(589)] Unable to create registry key HKLM\SOFTWARE\Policies\Google\Chrome for reading result=2
7월 22, 2018 01:09:22.61 [0722/010922.614:ERROR:crash_report_database_win.cc(428)] unexpected header
7월 22, 2018 01:09:22.65 [7880:19016:0722/010922.654:ERROR:install_util.cc(589)] Unable to create registry key HKLM\SOFTWARE\Policies\Google\Chrome for reading result=2
7월 22, 2018 01:09:47.27 [0722/010947.279:ERROR:crash_report_database_win.cc(428)] unexpected header
7월 22, 2018 01:09:47.31 [12668:17416:0722/010947.318:ERROR:install_util.cc(589)] Unable to create registry key HKLM\SOFTWARE\Policies\Google\Chrome for reading result=2
7월 22, 2018 01:12:07.83 [0722/011207.831:ERROR:crash_report_database_win.cc(428)] unexpected header
7월 22, 2018 01:16:20.13 [0722/011620.131:ERROR:crash_report_database_win.cc(428)] unexpected header
7월 22, 2018 01:17:00.55 [0722/011700.554:ERROR:crash_report_database_win.cc(428)] unexpected header
7월 22, 2018 01:17:41.22 [0722/011741.225:ERROR:crash_report_database_win.cc(428)] unexpected header
7월 22, 2018 01:18:13.27 [0722/011813.272:ERROR:crash_report_database_win.cc(428)] unexpected header
7월 22, 2018 01:18:42.98 [0722/011842.987:ERROR:crash_report_database_win.cc(428)] unexpected header
7월 22, 2018 01:18:52.71 [0722/011852.717:ERROR:crash_report_database_win.cc(428)] unexpected header
7월 22, 2018 01:19:47.28 [0722/011947.280:ERROR:crash_report_database_win.cc(428)] unexpected header
7월 22, 2018 01:19:47.28 [0722/011947.280:ERROR:crash_report_database_win.cc(428)] unexpected header
7월 22, 2018 01:20:00.31 [0722/012000.318:ERROR:crash_report_database_win.cc(428)] unexpected header
7월 22, 2018 01:22:26.58 [0722/012226.580:ERROR:crash_report_database_win.cc(428)] unexpected header
7월 22, 2018 01:22:36.00 Unable to read VR Path Registry from C:\Users\user\AppData\Local\openvr\openvrpaths.vrpath
7월 22, 2018 01:24:19.25 [0722/012419.258:ERROR:crash_report_database_win.cc(428)] unexpected header
7월 22, 2018 01:26:36.51 [0722/012636.519:ERROR:crash_report_database_win.cc(428)] unexpected header
7월 22, 2018 01:27:50.54 [0722/012750.541:ERROR:crash_report_database_win.cc(428)] unexpected header
7월 22, 2018 01:29:05.64 [0722/012905.643:ERROR:crash_report_database_win.cc(428)] unexpected header
7월 22, 2018 01:34:32.85 [0722/013432.852:ERROR:crash_report_database_win.cc(428)] unexpected header
7월 22, 2018 01:35:43.41 [0722/013543.411:ERROR:crash_report_database_win.cc(428)] unexpected header
7월 22, 2018 12:44:54.89 [0722/124454.894:ERROR:crash_report_database_win.cc(428)] unexpected header
7월 22, 2018 12:49:07.74 [0722/124907.740:ERROR:crash_report_database_win.cc(428)] unexpected header
7월 22, 2018 12:54:14.50 [0722/125414.503:ERROR:crash_report_database_win.cc(428)] unexpected header
7월 22, 2018 12:54:49.22 [0722/125449.221:ERROR:crash_report_database_win.cc(428)] unexpected header
7월 22, 2018 12:54:49.26 [15504:17916:0722/125449.268:ERROR:install_util.cc(589)] Unable to create registry key HKLM\SOFTWARE\Policies\Google\Chrome for reading result=2
7월 22, 2018 12:57:08.45 [0722/125708.452:ERROR:crash_report_database_win.cc(428)] unexpected header
7월 22, 2018 12:57:19.39 [0722/125719.394:ERROR:crash_report_database_win.cc(428)] unexpected header
7월 22, 2018 13:00:38.72 [0722/130038.719:ERROR:crash_report_database_win.cc(428)] unexpected header
7월 22, 2018 13:00:48.49 Unable to read VR Path Registry from C:\Users\user\AppData\Local\openvr\openvrpaths.vrpath
7월 22, 2018 13:02:52.95 [0722/130252.953:ERROR:crash_report_database_win.cc(428)] unexpected header
7월 22, 2018 13:02:52.99 [8004:15332:0722/130252.990:ERROR:install_util.cc(589)] Unable to create registry key HKLM\SOFTWARE\Policies\Google\Chrome for reading result=2
7월 22, 2018 13:03:19.93 [0722/130319.932:ERROR:crash_report_database_win.cc(428)] unexpected header
7월 22, 2018 13:03:19.96 [10120:17296:0722/130319.967:ERROR:install_util.cc(589)] Unable to create registry key HKLM\SOFTWARE\Policies\Google\Chrome for reading result=2
7월 22, 2018 13:03:47.17 [0722/130347.170:ERROR:crash_report_database_win.cc(428)] unexpected header
7월 22, 2018 13:03:47.20 [16184:16460:0722/130347.205:ERROR:install_util.cc(589)] Unable to create registry key HKLM\SOFTWARE\Policies\Google\Chrome for reading result=2
7월 22, 2018 13:06:03.70 [0722/130603.704:ERROR:crash_report_database_win.cc(428)] unexpected header
7월 22, 2018 13:06:03.74 [14388:7816:0722/130603.740:ERROR:install_util.cc(589)] Unable to create registry key HKLM\SOFTWARE\Policies\Google\Chrome for reading result=2
7월 22, 2018 13:07:41.35 [0722/130741.359:ERROR:crash_report_database_win.cc(428)] unexpected header
7월 22, 2018 13:08:40.68 [0722/130840.685:ERROR:crash_report_database_win.cc(428)] unexpected header
7월 22, 2018 13:09:34.71 [0722/130934.711:ERROR:crash_report_database_win.cc(428)] unexpected header
7월 22, 2018 13:09:34.74 [8388:2272:0722/130934.745:ERROR:install_util.cc(589)] Unable to create registry key HKLM\SOFTWARE\Policies\Google\Chrome for reading result=2
7월 22, 2018 13:09:37.57 [8388:18776:0722/130937.572:ERROR:extension_protocols.cc(564)] Allowing load of chrome-extension://dagcmkpagjlhakfdhnbomgmjdpkdklff/content-chrome-bundle.js.mapfrom unknown origin. Could not find user data for request.
7월 22, 2018 13:19:34.71 [0722/131934.711:ERROR:crash_report_database_win.cc(428)] unexpected header
7월 22, 2018 13:19:34.71 [0722/131934.711:ERROR:crash_report_database_win.cc(428)] unexpected header
7월 22, 2018 13:24:05.03 [0722/132405.035:ERROR:crash_report_database_win.cc(428)] unexpected header
7월 22, 2018 13:24:09.63 Unable to read VR Path Registry from C:\Users\user\AppData\Local\openvr\openvrpaths.vrpath
7월 22, 2018 13:24:09.63 [8388:18776:0722/132409.639:ERROR:extension_protocols.cc(564)] Allowing load of chrome-extension://dagcmkpagjlhakfdhnbomgmjdpkdklff/content-chrome-bundle.js.mapfrom unknown origin. Could not find user data for request.
7월 22, 2018 13:24:12.14 [8388:18776:0722/132412.146:ERROR:extension_protocols.cc(564)] Allowing load of chrome-extension://dagcmkpagjlhakfdhnbomgmjdpkdklff/content-chrome-bundle.js.mapfrom unknown origin. Could not find user data for request.
7월 22, 2018 13:24:34.71 [0722/132434.712:ERROR:crash_report_database_win.cc(428)] unexpected header
7월 22, 2018 13:24:50.92 [0722/132450.922:ERROR:crash_report_database_win.cc(428)] unexpected header
7월 22, 2018 13:24:54.09 [8388:18776:0722/132454.094:ERROR:extension_protocols.cc(564)] Allowing load of chrome-extension://dagcmkpagjlhakfdhnbomgmjdpkdklff/content-chrome-bundle.js.mapfrom unknown origin. Could not find user data for request.
7월 22, 2018 13:24:56.22 [8388:18776:0722/132456.225:ERROR:extension_protocols.cc(564)] Allowing load of chrome-extension://dagcmkpagjlhakfdhnbomgmjdpkdklff/content-chrome-bundle.js.mapfrom unknown origin. Could not find user data for request.
7월 22, 2018 13:25:12.51 [8388:18776:0722/132512.514:ERROR:extension_protocols.cc(564)] Allowing load of chrome-extension://dagcmkpagjlhakfdhnbomgmjdpkdklff/content-chrome-bundle.js.mapfrom unknown origin. Could not find user data for request.
7월 22, 2018 13:27:42.85 [0722/132742.856:ERROR:crash_report_database_win.cc(428)] unexpected header
7월 22, 2018 13:27:42.90 [15048:3896:0722/132742.905:ERROR:install_util.cc(589)] Unable to create registry key HKLM\SOFTWARE\Policies\Google\Chrome for reading result=2
7월 22, 2018 13:27:48.62 [15048:2592:0722/132748.629:ERROR:extension_protocols.cc(564)] Allowing load of chrome-extension://dagcmkpagjlhakfdhnbomgmjdpkdklff/content-chrome-bundle.js.mapfrom unknown origin. Could not find user data for request.
7월 22, 2018 13:27:50.13 [15048:2592:0722/132750.130:ERROR:extension_protocols.cc(564)] Allowing load of chrome-extension://dagcmkpagjlhakfdhnbomgmjdpkdklff/content-chrome-bundle.js.mapfrom unknown origin. Could not find user data for request.
7월 22, 2018 13:29:27.19 [0722/132927.192:ERROR:crash_report_database_win.cc(428)] unexpected header
7월 22, 2018 13:30:03.90 [0722/133003.906:ERROR:crash_report_database_win.cc(428)] unexpected header
7월 22, 2018 13:31:37.90 [0722/133137.901:ERROR:crash_report_database_win.cc(428)] unexpected header
7월 22, 2018 13:31:40.06 Unable to read VR Path Registry from C:\Users\user\AppData\Local\openvr\openvrpaths.vrpath
7월 22, 2018 13:31:40.06 [15048:2592:0722/133140.068:ERROR:extension_protocols.cc(564)] Allowing load of chrome-extension://dagcmkpagjlhakfdhnbomgmjdpkdklff/content-chrome-bundle.js.mapfrom unknown origin. Could not find user data for request.
7월 22, 2018 13:31:41.90 [15048:2592:0722/133141.902:ERROR:extension_protocols.cc(564)] Allowing load of chrome-extension://dagcmkpagjlhakfdhnbomgmjdpkdklff/content-chrome-bundle.js.mapfrom unknown origin. Could not find user data for request.
7월 22, 2018 13:32:13.79 [0722/133213.798:ERROR:crash_report_database_win.cc(428)] unexpected header
7월 22, 2018 13:32:27.87 [0722/133227.874:ERROR:crash_report_database_win.cc(428)] unexpected header
7월 22, 2018 13:32:39.14 [0722/133239.144:ERROR:crash_report_database_win.cc(428)] unexpected header
7월 22, 2018 13:37:42.85 [0722/133742.857:ERROR:crash_report_database_win.cc(428)] unexpected header
7월 22, 2018 13:37:42.85 [0722/133742.857:ERROR:crash_report_database_win.cc(428)] unexpected header
7월 22, 2018 13:42:42.85 [0722/134242.857:ERROR:crash_report_database_win.cc(428)] unexpected header
7월 22, 2018 13:43:35.29 [0722/134335.293:ERROR:crash_report_database_win.cc(428)] unexpected header
7월 22, 2018 13:44:04.72 [0722/134404.721:ERROR:crash_report_database_win.cc(428)] unexpected header
7월 22, 2018 13:44:31.22 [0722/134431.221:ERROR:crash_report_database_win.cc(428)] unexpected header
7월 22, 2018 13:46:06.73 [0722/134606.739:ERROR:crash_report_database_win.cc(428)] unexpected header
7월 22, 2018 13:47:03.25 [0722/134703.253:ERROR:crash_report_database_win.cc(428)] unexpected header
7월 22, 2018 13:47:48.60 [0722/134748.602:ERROR:crash_report_database_win.cc(428)] unexpected header
7월 22, 2018 13:48:12.59 [0722/134812.593:ERROR:crash_report_database_win.cc(428)] unexpected header
7월 22, 2018 13:49:02.00 [15048:2592:0722/134902.002:ERROR:extension_protocols.cc(564)] Allowing load of chrome-extension://dagcmkpagjlhakfdhnbomgmjdpkdklff/content-chrome-bundle.js.mapfrom unknown origin. Could not find user data for request.
7월 22, 2018 13:57:42.85 [0722/135742.857:ERROR:crash_report_database_win.cc(428)] unexpected header
7월 22, 2018 13:58:05.58 [0722/135805.585:ERROR:crash_report_database_win.cc(428)] unexpected header
7월 22, 2018 13:58:10.24 [15048:2592:0722/135810.248:ERROR:extension_protocols.cc(564)] Allowing load of chrome-extension://dagcmkpagjlhakfdhnbomgmjdpkdklff/content-chrome-bundle.js.mapfrom unknown origin. Could not find user data for request.
7월 22, 2018 13:58:11.96 [15048:2592:0722/135811.963:ERROR:extension_protocols.cc(564)] Allowing load of chrome-extension://dagcmkpagjlhakfdhnbomgmjdpkdklff/content-chrome-bundle.js.mapfrom unknown origin. Could not find user data for request.
7월 22, 2018 13:58:18.00 [15048:2592:0722/135818.008:ERROR:extension_protocols.cc(564)] Allowing load of chrome-extension://dagcmkpagjlhakfdhnbomgmjdpkdklff/content-chrome-bundle.js.mapfrom unknown origin. Could not find user data for request.
7월 22, 2018 13:58:18.91 [15048:2592:0722/135818.916:ERROR:extension_protocols.cc(564)] Allowing load of chrome-extension://dagcmkpagjlhakfdhnbomgmjdpkdklff/content-chrome-bundle.js.mapfrom unknown origin. Could not find user data for request.
7월 22, 2018 13:58:40.36 [0722/135840.369:ERROR:crash_report_database_win.cc(428)] unexpected header
7월 22, 2018 13:58:40.42 [16000:10080:0722/135840.419:ERROR:install_util.cc(589)] Unable to create registry key HKLM\SOFTWARE\Policies\Google\Chrome for reading result=2
7월 22, 2018 14:08:40.37 [0722/140840.370:ERROR:crash_report_database_win.cc(428)] unexpected header
7월 22, 2018 14:08:40.37 [0722/140840.370:ERROR:crash_report_database_win.cc(428)] unexpected header
7월 22, 2018 14:13:40.37 [0722/141340.370:ERROR:crash_report_database_win.cc(428)] unexpected header
7월 22, 2018 14:16:08.63 Unable to read VR Path Registry from C:\Users\user\AppData\Local\openvr\openvrpaths.vrpath
7월 22, 2018 14:16:08.63 [16000:15680:0722/141608.638:ERROR:extension_protocols.cc(564)] Allowing load of chrome-extension://dagcmkpagjlhakfdhnbomgmjdpkdklff/content-chrome-bundle.js.mapfrom unknown origin. Could not find user data for request.
7월 22, 2018 14:17:02.36 [0722/141702.360:ERROR:crash_report_database_win.cc(428)] unexpected header
7월 22, 2018 14:17:05.26 [16000:15680:0722/141705.260:ERROR:extension_protocols.cc(564)] Allowing load of chrome-extension://dagcmkpagjlhakfdhnbomgmjdpkdklff/content-chrome-bundle.js.mapfrom unknown origin. Could not find user data for request.
7월 22, 2018 14:17:06.74 [16000:15680:0722/141706.747:ERROR:extension_protocols.cc(564)] Allowing load of chrome-extension://dagcmkpagjlhakfdhnbomgmjdpkdklff/content-chrome-bundle.js.mapfrom unknown origin. Could not find user data for request.
7월 22, 2018 14:17:35.61 [0722/141735.614:ERROR:crash_report_database_win.cc(428)] unexpected header
7월 22, 2018 14:17:42.46 [16000:15680:0722/141742.468:ERROR:extension_protocols.cc(564)] Allowing load of chrome-extension://dagcmkpagjlhakfdhnbomgmjdpkdklff/content-chrome-bundle.js.mapfrom unknown origin. Could not find user data for request.
7월 22, 2018 14:17:44.74 [16000:15680:0722/141744.747:ERROR:extension_protocols.cc(564)] Allowing load of chrome-extension://dagcmkpagjlhakfdhnbomgmjdpkdklff/content-chrome-bundle.js.mapfrom unknown origin. Could not find user data for request.
7월 22, 2018 14:18:07.52 [16000:15680:0722/141807.528:ERROR:extension_protocols.cc(564)] Allowing load of chrome-extension://dagcmkpagjlhakfdhnbomgmjdpkdklff/content-chrome-bundle.js.mapfrom unknown origin. Could not find user data for request.
7월 22, 2018 14:19:49.15 [16000:15680:0722/141949.152:ERROR:extension_protocols.cc(564)] Allowing load of chrome-extension://dagcmkpagjlhakfdhnbomgmjdpkdklff/content-chrome-bundle.js.mapfrom unknown origin. Could not find user data for request.
7월 22, 2018 14:20:59.90 [16000:15680:0722/142059.909:ERROR:extension_protocols.cc(564)] Allowing load of chrome-extension://dagcmkpagjlhakfdhnbomgmjdpkdklff/content-chrome-bundle.js.mapfrom unknown origin. Could not find user data for request.
7월 22, 2018 14:25:48.81 [16000:15680:0722/142548.817:ERROR:extension_protocols.cc(564)] Allowing load of chrome-extension://dagcmkpagjlhakfdhnbomgmjdpkdklff/content-chrome-bundle.js.mapfrom unknown origin. Could not find user data for request.
7월 22, 2018 14:25:58.75 [16000:15680:0722/142558.750:ERROR:extension_protocols.cc(564)] Allowing load of chrome-extension://dagcmkpagjlhakfdhnbomgmjdpkdklff/content-chrome-bundle.js.mapfrom unknown origin. Could not find user data for request.
7월 22, 2018 14:26:03.20 [16000:15680:0722/142603.209:ERROR:extension_protocols.cc(564)] Allowing load of chrome-extension://dagcmkpagjlhakfdhnbomgmjdpkdklff/content-chrome-bundle.js.mapfrom unknown origin. Could not find user data for request.
7월 22, 2018 14:26:29.49 [16000:15680:0722/142629.495:ERROR:extension_protocols.cc(564)] Allowing load of chrome-extension://dagcmkpagjlhakfdhnbomgmjdpkdklff/content-chrome-bundle.js.mapfrom unknown origin. Could not find user data for request.
7월 22, 2018 14:26:33.92 [16000:15680:0722/142633.926:ERROR:extension_protocols.cc(564)] Allowing load of chrome-extension://dagcmkpagjlhakfdhnbomgmjdpkdklff/content-chrome-bundle.js.mapfrom unknown origin. Could not find user data for request.
7월 22, 2018 14:26:35.83 [16000:15680:0722/142635.836:ERROR:extension_protocols.cc(564)] Allowing load of chrome-extension://dagcmkpagjlhakfdhnbomgmjdpkdklff/content-chrome-bundle.js.mapfrom unknown origin. Could not find user data for request.
7월 22, 2018 14:26:47.41 [16000:15680:0722/142647.409:ERROR:extension_protocols.cc(564)] Allowing load of chrome-extension://dagcmkpagjlhakfdhnbomgmjdpkdklff/content-chrome-bundle.js.mapfrom unknown origin. Could not find user data for request.
7월 22, 2018 14:27:08.30 [16000:15680:0722/142708.307:ERROR:extension_protocols.cc(564)] Allowing load of chrome-extension://dagcmkpagjlhakfdhnbomgmjdpkdklff/content-chrome-bundle.js.mapfrom unknown origin. Could not find user data for request.
7월 22, 2018 14:27:10.80 [16000:15680:0722/142710.806:ERROR:extension_protocols.cc(564)] Allowing load of chrome-extension://dagcmkpagjlhakfdhnbomgmjdpkdklff/content-chrome-bundle.js.mapfrom unknown origin. Could not find user data for request.
7월 22, 2018 14:27:12.92 [16000:15680:0722/142712.924:ERROR:extension_protocols.cc(564)] Allowing load of chrome-extension://dagcmkpagjlhakfdhnbomgmjdpkdklff/content-chrome-bundle.js.mapfrom unknown origin. Could not find user data for request.
7월 22, 2018 14:27:31.47 [16000:15680:0722/142731.479:ERROR:extension_protocols.cc(564)] Allowing load of chrome-extension://dagcmkpagjlhakfdhnbomgmjdpkdklff/content-chrome-bundle.js.mapfrom unknown origin. Could not find user data for request.
7월 22, 2018 14:28:07.25 [16000:15680:0722/142807.253:ERROR:extension_protocols.cc(564)] Allowing load of chrome-extension://dagcmkpagjlhakfdhnbomgmjdpkdklff/content-chrome-bundle.js.mapfrom unknown origin. Could not find user data for request.
7월 22, 2018 14:28:40.37 [0722/142840.370:ERROR:crash_report_database_win.cc(428)] unexpected header
7월 22, 2018 14:28:50.21 [16000:15680:0722/142850.212:ERROR:extension_protocols.cc(564)] Allowing load of chrome-extension://dagcmkpagjlhakfdhnbomgmjdpkdklff/content-chrome-bundle.js.mapfrom unknown origin. Could not find user data for request.
7월 22, 2018 14:31:41.60 [16000:15680:0722/143141.603:ERROR:extension_protocols.cc(564)] Allowing load of chrome-extension://dagcmkpagjlhakfdhnbomgmjdpkdklff/content-chrome-bundle.js.mapfrom unknown origin. Could not find user data for request.
7월 22, 2018 14:32:35.79 [16000:15680:0722/143235.790:ERROR:extension_protocols.cc(564)] Allowing load of chrome-extension://dagcmkpagjlhakfdhnbomgmjdpkdklff/content-chrome-bundle.js.mapfrom unknown origin. Could not find user data for request.
7월 22, 2018 14:32:59.01 [16000:15680:0722/143259.015:ERROR:extension_protocols.cc(564)] Allowing load of chrome-extension://dagcmkpagjlhakfdhnbomgmjdpkdklff/content-chrome-bundle.js.mapfrom unknown origin. Could not find user data for request.
7월 22, 2018 14:35:55.44 [16000:15680:0722/143555.444:ERROR:extension_protocols.cc(564)] Allowing load of chrome-extension://dagcmkpagjlhakfdhnbomgmjdpkdklff/content-chrome-bundle.js.mapfrom unknown origin. Could not find user data for request.
7월 22, 2018 14:36:22.90 [16000:15680:0722/143622.905:ERROR:extension_protocols.cc(564)] Allowing load of chrome-extension://dagcmkpagjlhakfdhnbomgmjdpkdklff/content-chrome-bundle.js.mapfrom unknown origin. Could not find user data for request.
7월 22, 2018 14:36:55.88 [16000:15680:0722/143655.885:ERROR:extension_protocols.cc(564)] Allowing load of chrome-extension://dagcmkpagjlhakfdhnbomgmjdpkdklff/content-chrome-bundle.js.mapfrom unknown origin. Could not find user data for request.
7월 22, 2018 14:37:14.39 [16000:15680:0722/143714.397:ERROR:extension_protocols.cc(564)] Allowing load of chrome-extension://dagcmkpagjlhakfdhnbomgmjdpkdklff/content-chrome-bundle.js.mapfrom unknown origin. Could not find user data for request.
7월 22, 2018 14:38:34.36 [16000:15680:0722/143834.365:ERROR:extension_protocols.cc(564)] Allowing load of chrome-extension://dagcmkpagjlhakfdhnbomgmjdpkdklff/content-chrome-bundle.js.mapfrom unknown origin. Could not find user data for request.
7월 22, 2018 14:38:43.75 [16000:15680:0722/143843.751:ERROR:extension_protocols.cc(564)] Allowing load of chrome-extension://dagcmkpagjlhakfdhnbomgmjdpkdklff/content-chrome-bundle.js.mapfrom unknown origin. Could not find user data for request.
7월 22, 2018 14:39:30.24 [16000:15680:0722/143930.249:ERROR:extension_protocols.cc(564)] Allowing load of chrome-extension://dagcmkpagjlhakfdhnbomgmjdpkdklff/content-chrome-bundle.js.mapfrom unknown origin. Could not find user data for request.
7월 22, 2018 14:39:39.65 [16000:15680:0722/143939.651:ERROR:extension_protocols.cc(564)] Allowing load of chrome-extension://dagcmkpagjlhakfdhnbomgmjdpkdklff/content-chrome-bundle.js.mapfrom unknown origin. Could not find user data for request.
7월 22, 2018 14:40:07.81 [16000:15680:0722/144007.818:ERROR:extension_protocols.cc(564)] Allowing load of chrome-extension://dagcmkpagjlhakfdhnbomgmjdpkdklff/content-chrome-bundle.js.mapfrom unknown origin. Could not find user data for request.
7월 22, 2018 14:40:52.37 [16000:15680:0722/144052.372:ERROR:extension_protocols.cc(564)] Allowing load of chrome-extension://dagcmkpagjlhakfdhnbomgmjdpkdklff/content-chrome-bundle.js.mapfrom unknown origin. Could not find user data for request.
7월 22, 2018 14:41:10.45 [16000:15680:0722/144110.450:ERROR:extension_protocols.cc(564)] Allowing load of chrome-extension://dagcmkpagjlhakfdhnbomgmjdpkdklff/content-chrome-bundle.js.mapfrom unknown origin. Could not find user data for request.
7월 22, 2018 14:41:40.93 [16000:15680:0722/144140.938:ERROR:extension_protocols.cc(564)] Allowing load of chrome-extension://dagcmkpagjlhakfdhnbomgmjdpkdklff/content-chrome-bundle.js.mapfrom unknown origin. Could not find user data for request.
7월 22, 2018 14:42:01.24 [16000:15680:0722/144201.243:ERROR:extension_protocols.cc(564)] Allowing load of chrome-extension://dagcmkpagjlhakfdhnbomgmjdpkdklff/content-chrome-bundle.js.mapfrom unknown origin. Could not find user data for request.
7월 22, 2018 14:42:23.58 [16000:15680:0722/144223.589:ERROR:extension_protocols.cc(564)] Allowing load of chrome-extension://dagcmkpagjlhakfdhnbomgmjdpkdklff/content-chrome-bundle.js.mapfrom unknown origin. Could not find user data for request.
7월 22, 2018 14:42:26.42 [16000:15680:0722/144226.427:ERROR:extension_protocols.cc(564)] Allowing load of chrome-extension://dagcmkpagjlhakfdhnbomgmjdpkdklff/content-chrome-bundle.js.mapfrom unknown origin. Could not find user data for request.
7월 22, 2018 14:43:40.37 [0722/144340.370:ERROR:crash_report_database_win.cc(428)] unexpected header
7월 22, 2018 14:51:13.41 [16000:15680:0722/145113.412:ERROR:extension_protocols.cc(564)] Allowing load of chrome-extension://dagcmkpagjlhakfdhnbomgmjdpkdklff/content-chrome-bundle.js.mapfrom unknown origin. Could not find user data for request.
7월 22, 2018 14:54:27.83 [0722/145427.834:ERROR:crash_report_database_win.cc(428)] unexpected header
7월 22, 2018 14:55:14.05 [16000:15680:0722/145514.058:ERROR:extension_protocols.cc(564)] Allowing load of chrome-extension://dagcmkpagjlhakfdhnbomgmjdpkdklff/content-chrome-bundle.js.mapfrom unknown origin. Could not find user data for request.
7월 22, 2018 14:55:15.77 [16000:15680:0722/145515.775:ERROR:extension_protocols.cc(564)] Allowing load of chrome-extension://dagcmkpagjlhakfdhnbomgmjdpkdklff/content-chrome-bundle.js.mapfrom unknown origin. Could not find user data for request.
7월 22, 2018 14:57:34.01 [16000:15680:0722/145734.010:ERROR:extension_protocols.cc(564)] Allowing load of chrome-extension://dagcmkpagjlhakfdhnbomgmjdpkdklff/content-chrome-bundle.js.mapfrom unknown origin. Could not find user data for request.
7월 22, 2018 14:57:36.14 [16000:15680:0722/145736.141:ERROR:extension_protocols.cc(564)] Allowing load of chrome-extension://dagcmkpagjlhakfdhnbomgmjdpkdklff/content-chrome-bundle.js.mapfrom unknown origin. Could not find user data for request.
7월 22, 2018 14:57:41.32 [16000:10080:0722/145741.321:ERROR:CONSOLE(4600)] "Connection is closed, can't dispatch pending Debugger.setBlackboxPatterns", source: chrome-devtools://devtools/bundled/shell.js (4600)
7월 22, 2018 14:57:41.43 [16000:10080:0722/145741.438:ERROR:CONSOLE(4600)] "Connection is closed, can't dispatch pending Debugger.setBlackboxPatterns", source: chrome-devtools://devtools/bundled/shell.js (4600)
7월 22, 2018 14:57:48.59 [16000:15680:0722/145748.596:ERROR:extension_protocols.cc(564)] Allowing load of chrome-extension://dagcmkpagjlhakfdhnbomgmjdpkdklff/content-chrome-bundle.js.mapfrom unknown origin. Could not find user data for request.
7월 22, 2018 14:58:14.86 [16000:15680:0722/145814.861:ERROR:extension_protocols.cc(564)] Allowing load of chrome-extension://dagcmkpagjlhakfdhnbomgmjdpkdklff/content-chrome-bundle.js.mapfrom unknown origin. Could not find user data for request.
7월 22, 2018 14:58:40.37 [0722/145840.371:ERROR:crash_report_database_win.cc(428)] unexpected header
7월 22, 2018 14:58:52.54 [16000:15680:0722/145852.542:ERROR:extension_protocols.cc(564)] Allowing load of chrome-extension://dagcmkpagjlhakfdhnbomgmjdpkdklff/content-chrome-bundle.js.mapfrom unknown origin. Could not find user data for request.
7월 22, 2018 14:58:54.87 [16000:15680:0722/145854.874:ERROR:extension_protocols.cc(564)] Allowing load of chrome-extension://dagcmkpagjlhakfdhnbomgmjdpkdklff/content-chrome-bundle.js.mapfrom unknown origin. Could not find user data for request.
7월 22, 2018 15:00:52.18 [16000:15680:0722/150052.187:ERROR:extension_protocols.cc(564)] Allowing load of chrome-extension://dagcmkpagjlhakfdhnbomgmjdpkdklff/content-chrome-bundle.js.mapfrom unknown origin. Could not find user data for request.
7월 22, 2018 15:01:22.53 [16000:15680:0722/150122.538:ERROR:extension_protocols.cc(564)] Allowing load of chrome-extension://dagcmkpagjlhakfdhnbomgmjdpkdklff/content-chrome-bundle.js.mapfrom unknown origin. Could not find user data for request.
7월 22, 2018 15:01:45.59 [16000:15680:0722/150145.597:ERROR:extension_protocols.cc(564)] Allowing load of chrome-extension://dagcmkpagjlhakfdhnbomgmjdpkdklff/content-chrome-bundle.js.mapfrom unknown origin. Could not find user data for request.
7월 22, 2018 15:02:30.64 [16000:15680:0722/150230.641:ERROR:extension_protocols.cc(564)] Allowing load of chrome-extension://dagcmkpagjlhakfdhnbomgmjdpkdklff/content-chrome-bundle.js.mapfrom unknown origin. Could not find user data for request.
7월 22, 2018 15:04:18.25 [16000:15680:0722/150418.256:ERROR:extension_protocols.cc(564)] Allowing load of chrome-extension://dagcmkpagjlhakfdhnbomgmjdpkdklff/content-chrome-bundle.js.mapfrom unknown origin. Could not find user data for request.
7월 22, 2018 15:04:59.21 [16000:15680:0722/150459.216:ERROR:extension_protocols.cc(564)] Allowing load of chrome-extension://dagcmkpagjlhakfdhnbomgmjdpkdklff/content-chrome-bundle.js.mapfrom unknown origin. Could not find user data for request.
7월 22, 2018 15:06:46.19 [16000:15680:0722/150646.192:ERROR:extension_protocols.cc(564)] Allowing load of chrome-extension://dagcmkpagjlhakfdhnbomgmjdpkdklff/content-chrome-bundle.js.mapfrom unknown origin. Could not find user data for request.
7월 22, 2018 15:08:05.65 [16000:15680:0722/150805.653:ERROR:extension_protocols.cc(564)] Allowing load of chrome-extension://dagcmkpagjlhakfdhnbomgmjdpkdklff/content-chrome-bundle.js.mapfrom unknown origin. Could not find user data for request.
7월 22, 2018 15:09:25.99 [16000:15680:0722/150925.991:ERROR:extension_protocols.cc(564)] Allowing load of chrome-extension://dagcmkpagjlhakfdhnbomgmjdpkdklff/content-chrome-bundle.js.mapfrom unknown origin. Could not find user data for request.
7월 22, 2018 15:09:40.84 [16000:15680:0722/150940.843:ERROR:extension_protocols.cc(564)] Allowing load of chrome-extension://dagcmkpagjlhakfdhnbomgmjdpkdklff/content-chrome-bundle.js.mapfrom unknown origin. Could not find user data for request.
7월 22, 2018 15:10:58.61 [16000:15680:0722/151058.619:ERROR:extension_protocols.cc(564)] Allowing load of chrome-extension://dagcmkpagjlhakfdhnbomgmjdpkdklff/content-chrome-bundle.js.mapfrom unknown origin. Could not find user data for request.
7월 22, 2018 15:13:40.37 [0722/151340.371:ERROR:crash_report_database_win.cc(428)] unexpected header
7월 22, 2018 15:28:40.37 [0722/152840.372:ERROR:crash_report_database_win.cc(428)] unexpected header
7월 22, 2018 15:43:40.37 [0722/154340.372:ERROR:crash_report_database_win.cc(428)] unexpected header
7월 22, 2018 15:58:40.37 [0722/155840.372:ERROR:crash_report_database_win.cc(428)] unexpected header
7월 22, 2018 16:13:40.37 [0722/161340.372:ERROR:crash_report_database_win.cc(428)] unexpected header
7월 22, 2018 16:28:40.37 [0722/162840.373:ERROR:crash_report_database_win.cc(428)] unexpected header
7월 22, 2018 16:29:02.67 [16000:15680:0722/162902.672:ERROR:extension_protocols.cc(564)] Allowing load of chrome-extension://dagcmkpagjlhakfdhnbomgmjdpkdklff/content-chrome-bundle.js.mapfrom unknown origin. Could not find user data for request.
7월 22, 2018 16:29:07.66 [0722/162907.663:ERROR:crash_report_database_win.cc(428)] unexpected header
7월 22, 2018 16:29:14.92 [16000:15680:0722/162914.924:ERROR:extension_protocols.cc(564)] Allowing load of chrome-extension://dagcmkpagjlhakfdhnbomgmjdpkdklff/content-chrome-bundle.js.mapfrom unknown origin. Could not find user data for request.
7월 22, 2018 16:29:17.11 [16000:15680:0722/162917.114:ERROR:extension_protocols.cc(564)] Allowing load of chrome-extension://dagcmkpagjlhakfdhnbomgmjdpkdklff/content-chrome-bundle.js.mapfrom unknown origin. Could not find user data for request.
7월 22, 2018 16:29:45.70 [0722/162945.707:ERROR:crash_report_database_win.cc(428)] unexpected header
7월 22, 2018 16:29:50.26 [0722/162950.266:ERROR:crash_report_database_win.cc(428)] unexpected header
7월 22, 2018 16:29:50.31 [4668:18104:0722/162950.311:ERROR:install_util.cc(589)] Unable to create registry key HKLM\SOFTWARE\Policies\Google\Chrome for reading result=2
7월 22, 2018 16:30:04.94 [0722/163004.943:ERROR:crash_report_database_win.cc(428)] unexpected header
7월 22, 2018 16:39:50.26 [0722/163950.266:ERROR:crash_report_database_win.cc(428)] unexpected header
7월 22, 2018 16:39:50.26 [0722/163950.266:ERROR:crash_report_database_win.cc(428)] unexpected header
7월 22, 2018 16:41:02.08 [0722/164102.083:ERROR:crash_report_database_win.cc(428)] unexpected header
7월 22, 2018 16:41:05.89 Unable to read VR Path Registry from C:\Users\user\AppData\Local\openvr\openvrpaths.vrpath
7월 22, 2018 16:41:12.21 [0722/164112.219:ERROR:crash_report_database_win.cc(428)] unexpected header
7월 22, 2018 16:41:12.25 [5176:12788:0722/164112.257:ERROR:install_util.cc(589)] Unable to create registry key HKLM\SOFTWARE\Policies\Google\Chrome for reading result=2
7월 22, 2018 16:43:35.95 [0722/164335.956:ERROR:crash_report_database_win.cc(428)] unexpected header
7월 22, 2018 16:47:03.01 Unable to read VR Path Registry from C:\Users\user\AppData\Local\openvr\openvrpaths.vrpath
7월 22, 2018 16:47:03.01 [5176:5044:0722/164703.014:ERROR:extension_protocols.cc(564)] Allowing load of chrome-extension://dagcmkpagjlhakfdhnbomgmjdpkdklff/content-chrome-bundle.js.mapfrom unknown origin. Could not find user data for request.
7월 22, 2018 16:47:05.54 [5176:5044:0722/164705.540:ERROR:extension_protocols.cc(564)] Allowing load of chrome-extension://dagcmkpagjlhakfdhnbomgmjdpkdklff/content-chrome-bundle.js.mapfrom unknown origin. Could not find user data for request.
7월 22, 2018 16:49:25.93 [5176:5044:0722/164925.934:ERROR:extension_protocols.cc(564)] Allowing load of chrome-extension://dagcmkpagjlhakfdhnbomgmjdpkdklff/content-chrome-bundle.js.mapfrom unknown origin. Could not find user data for request.
7월 22, 2018 16:49:30.22 [5176:5044:0722/164930.228:ERROR:extension_protocols.cc(564)] Allowing load of chrome-extension://dagcmkpagjlhakfdhnbomgmjdpkdklff/content-chrome-bundle.js.mapfrom unknown origin. Could not find user data for request.
7월 22, 2018 16:49:40.35 [5176:5044:0722/164940.350:ERROR:extension_protocols.cc(564)] Allowing load of chrome-extension://dagcmkpagjlhakfdhnbomgmjdpkdklff/content-chrome-bundle.js.mapfrom unknown origin. Could not find user data for request.
7월 22, 2018 16:51:02.69 [5176:5044:0722/165102.694:ERROR:extension_protocols.cc(564)] Allowing load of chrome-extension://dagcmkpagjlhakfdhnbomgmjdpkdklff/content-chrome-bundle.js.mapfrom unknown origin. Could not find user data for request.
7월 22, 2018 16:51:12.21 [0722/165112.218:ERROR:crash_report_database_win.cc(428)] unexpected header
7월 22, 2018 16:51:12.21 [0722/165112.218:ERROR:crash_report_database_win.cc(428)] unexpected header
7월 22, 2018 16:54:10.02 [5176:5044:0722/165410.028:ERROR:extension_protocols.cc(564)] Allowing load of chrome-extension://dagcmkpagjlhakfdhnbomgmjdpkdklff/content-chrome-bundle.js.mapfrom unknown origin. Could not find user data for request.
7월 22, 2018 16:54:13.64 [5176:5044:0722/165413.649:ERROR:extension_protocols.cc(564)] Allowing load of chrome-extension://dagcmkpagjlhakfdhnbomgmjdpkdklff/content-chrome-bundle.js.mapfrom unknown origin. Could not find user data for request.
7월 22, 2018 16:54:21.89 [0722/165421.894:ERROR:crash_report_database_win.cc(428)] unexpected header
7월 22, 2018 16:54:21.93 [3792:18508:0722/165421.933:ERROR:install_util.cc(589)] Unable to create registry key HKLM\SOFTWARE\Policies\Google\Chrome for reading result=2
7월 22, 2018 16:55:51.31 [0722/165551.310:ERROR:crash_report_database_win.cc(428)] unexpected header
7월 22, 2018 16:56:54.61 [0722/165654.619:ERROR:crash_report_database_win.cc(428)] unexpected header
7월 22, 2018 16:57:31.02 [0722/165731.020:ERROR:crash_report_database_win.cc(428)] unexpected header
7월 22, 2018 17:04:21.89 [0722/170421.895:ERROR:crash_report_database_win.cc(428)] unexpected header
7월 22, 2018 17:04:21.89 [0722/170421.895:ERROR:crash_report_database_win.cc(428)] unexpected header
7월 22, 2018 17:05:17.16 [0722/170517.163:ERROR:crash_report_database_win.cc(428)] unexpected header
7월 22, 2018 17:08:33.20 [0722/170833.206:ERROR:crash_report_database_win.cc(428)] unexpected header
7월 22, 2018 17:09:13.07 [0722/170913.071:ERROR:crash_report_database_win.cc(428)] unexpected header
7월 22, 2018 17:09:21.89 [0722/170921.896:ERROR:crash_report_database_win.cc(428)] unexpected header
7월 22, 2018 17:09:46.65 [0722/170946.655:ERROR:crash_report_database_win.cc(428)] unexpected header
7월 22, 2018 17:11:43.28 [0722/171143.284:ERROR:crash_report_database_win.cc(428)] unexpected header
7월 22, 2018 17:13:46.88 [0722/171346.885:ERROR:crash_report_database_win.cc(428)] unexpected header
7월 22, 2018 17:15:38.17 [0722/171538.176:ERROR:crash_report_database_win.cc(428)] unexpected header
7월 22, 2018 17:16:52.29 [0722/171652.290:ERROR:crash_report_database_win.cc(428)] unexpected header
7월 22, 2018 17:16:57.95 Unable to read VR Path Registry from C:\Users\user\AppData\Local\openvr\openvrpaths.vrpath
7월 22, 2018 17:17:02.53 [0722/171702.534:ERROR:crash_report_database_win.cc(428)] unexpected header
7월 22, 2018 17:17:02.58 [4228:13020:0722/171702.583:ERROR:install_util.cc(589)] Unable to create registry key HKLM\SOFTWARE\Policies\Google\Chrome for reading result=2
7월 22, 2018 17:17:41.33 [0722/171741.337:ERROR:crash_report_database_win.cc(428)] unexpected header
7월 22, 2018 17:17:41.37 [15904:3180:0722/171741.379:ERROR:install_util.cc(589)] Unable to create registry key HKLM\SOFTWARE\Policies\Google\Chrome for reading result=2
7월 22, 2018 17:20:37.84 [0722/172037.847:ERROR:crash_report_database_win.cc(428)] unexpected header
7월 22, 2018 17:20:47.05 Unable to read VR Path Registry from C:\Users\user\AppData\Local\openvr\openvrpaths.vrpath
7월 22, 2018 17:21:02.58 [0722/172102.586:ERROR:crash_report_database_win.cc(428)] unexpected header
7월 22, 2018 17:21:02.63 [10392:3524:0722/172102.631:ERROR:install_util.cc(589)] Unable to create registry key HKLM\SOFTWARE\Policies\Google\Chrome for reading result=2
7월 22, 2018 17:21:10.71 [10392:16348:0722/172110.718:ERROR:extension_protocols.cc(564)] Allowing load of chrome-extension://dagcmkpagjlhakfdhnbomgmjdpkdklff/content-chrome-bundle.js.mapfrom unknown origin. Could not find user data for request.
7월 22, 2018 17:21:12.50 [10392:16348:0722/172112.502:ERROR:extension_protocols.cc(564)] Allowing load of chrome-extension://dagcmkpagjlhakfdhnbomgmjdpkdklff/content-chrome-bundle.js.mapfrom unknown origin. Could not find user data for request.
7월 22, 2018 17:21:33.43 [0722/172133.435:ERROR:crash_report_database_win.cc(428)] unexpected header
7월 22, 2018 17:21:33.47 [13564:14708:0722/172133.472:ERROR:install_util.cc(589)] Unable to create registry key HKLM\SOFTWARE\Policies\Google\Chrome for reading result=2
7월 22, 2018 17:22:24.68 [0722/172224.685:ERROR:crash_report_database_win.cc(428)] unexpected header
7월 22, 2018 17:22:29.66 Unable to read VR Path Registry from C:\Users\user\AppData\Local\openvr\openvrpaths.vrpath
7월 22, 2018 17:23:14.55 [0722/172314.555:ERROR:crash_report_database_win.cc(428)] unexpected header
7월 22, 2018 17:23:14.60 [16908:12516:0722/172314.605:ERROR:install_util.cc(589)] Unable to create registry key HKLM\SOFTWARE\Policies\Google\Chrome for reading result=2
7월 22, 2018 17:24:25.18 [0722/172425.185:ERROR:crash_report_database_win.cc(428)] unexpected header
7월 22, 2018 17:25:08.97 [0722/172508.971:ERROR:crash_report_database_win.cc(428)] unexpected header
7월 22, 2018 17:27:17.06 [0722/172717.065:ERROR:crash_report_database_win.cc(428)] unexpected header
7월 22, 2018 17:29:45.76 [0722/172945.761:ERROR:crash_report_database_win.cc(428)] unexpected header
7월 22, 2018 17:30:37.30 [0722/173037.306:ERROR:crash_report_database_win.cc(428)] unexpected header
7월 22, 2018 17:31:06.14 [0722/173106.142:ERROR:crash_report_database_win.cc(428)] unexpected header
7월 22, 2018 17:32:17.13 [0722/173217.132:ERROR:crash_report_database_win.cc(428)] unexpected header
7월 22, 2018 17:33:14.55 [0722/173314.555:ERROR:crash_report_database_win.cc(428)] unexpected header
7월 22, 2018 17:33:14.55 [0722/173314.555:ERROR:crash_report_database_win.cc(428)] unexpected header
7월 22, 2018 17:34:10.41 [0722/173410.414:ERROR:crash_report_database_win.cc(428)] unexpected header
7월 22, 2018 17:34:49.46 [0722/173449.461:ERROR:crash_report_database_win.cc(428)] unexpected header
7월 22, 2018 17:35:02.65 [0722/173502.649:ERROR:crash_report_database_win.cc(428)] unexpected header
7월 22, 2018 17:35:24.39 [0722/173524.396:ERROR:crash_report_database_win.cc(428)] unexpected header
7월 22, 2018 17:36:51.98 [0722/173651.981:ERROR:crash_report_database_win.cc(428)] unexpected header
7월 22, 2018 17:37:04.27 [0722/173704.271:ERROR:crash_report_database_win.cc(428)] unexpected header
7월 22, 2018 17:37:55.30 [0722/173755.302:ERROR:crash_report_database_win.cc(428)] unexpected header
7월 22, 2018 17:38:14.55 [0722/173814.556:ERROR:crash_report_database_win.cc(428)] unexpected header
7월 22, 2018 17:38:21.96 [0722/173821.960:ERROR:crash_report_database_win.cc(428)] unexpected header
7월 22, 2018 17:43:57.69 [0722/174357.697:ERROR:crash_report_database_win.cc(428)] unexpected header
7월 22, 2018 17:44:07.80 [0722/174407.805:ERROR:crash_report_database_win.cc(428)] unexpected header
7월 22, 2018 17:44:30.14 [0722/174430.146:ERROR:crash_report_database_win.cc(428)] unexpected header
7월 22, 2018 17:45:29.35 [0722/174529.352:ERROR:crash_report_database_win.cc(428)] unexpected header
7월 22, 2018 17:45:51.41 [0722/174551.411:ERROR:crash_report_database_win.cc(428)] unexpected header
7월 22, 2018 17:46:22.02 [0722/174622.029:ERROR:crash_report_database_win.cc(428)] unexpected header
7월 22, 2018 17:46:37.62 [0722/174637.629:ERROR:crash_report_database_win.cc(428)] unexpected header
7월 22, 2018 17:46:48.35 [0722/174648.352:ERROR:crash_report_database_win.cc(428)] unexpected header
7월 22, 2018 17:53:14.55 [0722/175314.557:ERROR:crash_report_database_win.cc(428)] unexpected header
7월 22, 2018 18:08:14.55 [0722/180814.558:ERROR:crash_report_database_win.cc(428)] unexpected header
7월 22, 2018 18:09:04.44 [0722/180904.445:ERROR:crash_report_database_win.cc(428)] unexpected header
7월 22, 2018 18:09:09.66 Unable to read VR Path Registry from C:\Users\user\AppData\Local\openvr\openvrpaths.vrpath
7월 22, 2018 18:09:09.66 [16908:6156:0722/180909.667:ERROR:extension_protocols.cc(564)] Allowing load of chrome-extension://dagcmkpagjlhakfdhnbomgmjdpkdklff/content-chrome-bundle.js.mapfrom unknown origin. Could not find user data for request.
7월 22, 2018 18:09:15.42 [0722/180915.425:ERROR:crash_report_database_win.cc(428)] unexpected header
7월 22, 2018 18:09:15.47 [15428:8280:0722/180915.472:ERROR:install_util.cc(589)] Unable to create registry key HKLM\SOFTWARE\Policies\Google\Chrome for reading result=2
7월 22, 2018 18:09:26.37 [15428:4000:0722/180926.373:ERROR:extension_protocols.cc(564)] Allowing load of chrome-extension://dagcmkpagjlhakfdhnbomgmjdpkdklff/content-chrome-bundle.js.mapfrom unknown origin. Could not find user data for request.
7월 22, 2018 18:09:27.84 [15428:4000:0722/180927.845:ERROR:extension_protocols.cc(564)] Allowing load of chrome-extension://dagcmkpagjlhakfdhnbomgmjdpkdklff/content-chrome-bundle.js.mapfrom unknown origin. Could not find user data for request.
7월 22, 2018 18:09:43.96 [0722/180943.965:ERROR:crash_report_database_win.cc(428)] unexpected header
7월 22, 2018 18:09:49.53 [15428:4000:0722/180949.537:ERROR:extension_protocols.cc(564)] Allowing load of chrome-extension://dagcmkpagjlhakfdhnbomgmjdpkdklff/content-chrome-bundle.js.mapfrom unknown origin. Could not find user data for request.
7월 22, 2018 18:09:51.69 [15428:4000:0722/180951.692:ERROR:extension_protocols.cc(564)] Allowing load of chrome-extension://dagcmkpagjlhakfdhnbomgmjdpkdklff/content-chrome-bundle.js.mapfrom unknown origin. Could not find user data for request.
7월 22, 2018 18:12:50.42 Unable to read VR Path Registry from C:\Users\user\AppData\Local\openvr\openvrpaths.vrpath
7월 22, 2018 18:12:50.42 [15428:4000:0722/181250.423:ERROR:extension_protocols.cc(564)] Allowing load of chrome-extension://dagcmkpagjlhakfdhnbomgmjdpkdklff/content-chrome-bundle.js.mapfrom unknown origin. Could not find user data for request.
7월 22, 2018 18:13:06.64 [15428:4000:0722/181306.645:ERROR:extension_protocols.cc(564)] Allowing load of chrome-extension://dagcmkpagjlhakfdhnbomgmjdpkdklff/content-chrome-bundle.js.mapfrom unknown origin. Could not find user data for request.
7월 22, 2018 18:13:23.81 [15428:4000:0722/181323.817:ERROR:extension_protocols.cc(564)] Allowing load of chrome-extension://dagcmkpagjlhakfdhnbomgmjdpkdklff/content-chrome-bundle.js.mapfrom unknown origin. Could not find user data for request.
7월 22, 2018 18:14:13.61 [15428:4000:0722/181413.613:ERROR:extension_protocols.cc(564)] Allowing load of chrome-extension://dagcmkpagjlhakfdhnbomgmjdpkdklff/content-chrome-bundle.js.mapfrom unknown origin. Could not find user data for request.
7월 22, 2018 18:14:26.05 [15428:4000:0722/181426.053:ERROR:extension_protocols.cc(564)] Allowing load of chrome-extension://dagcmkpagjlhakfdhnbomgmjdpkdklff/content-chrome-bundle.js.mapfrom unknown origin. Could not find user data for request.
7월 22, 2018 18:14:36.47 [15428:4000:0722/181436.474:ERROR:extension_protocols.cc(564)] Allowing load of chrome-extension://dagcmkpagjlhakfdhnbomgmjdpkdklff/content-chrome-bundle.js.mapfrom unknown origin. Could not find user data for request.
7월 22, 2018 18:14:40.32 [15428:4000:0722/181440.321:ERROR:extension_protocols.cc(564)] Allowing load of chrome-extension://dagcmkpagjlhakfdhnbomgmjdpkdklff/content-chrome-bundle.js.mapfrom unknown origin. Could not find user data for request.
7월 22, 2018 18:14:46.66 [0722/181446.662:ERROR:crash_report_database_win.cc(428)] unexpected header
7월 22, 2018 18:14:51.58 [15428:4000:0722/181451.586:ERROR:extension_protocols.cc(564)] Allowing load of chrome-extension://dagcmkpagjlhakfdhnbomgmjdpkdklff/content-chrome-bundle.js.mapfrom unknown origin. Could not find user data for request.
7월 22, 2018 18:14:54.16 [15428:4000:0722/181454.168:ERROR:extension_protocols.cc(564)] Allowing load of chrome-extension://dagcmkpagjlhakfdhnbomgmjdpkdklff/content-chrome-bundle.js.mapfrom unknown origin. Could not find user data for request.
7월 22, 2018 18:15:07.00 [15428:4000:0722/181507.009:ERROR:extension_protocols.cc(564)] Allowing load of chrome-extension://dagcmkpagjlhakfdhnbomgmjdpkdklff/content-chrome-bundle.js.mapfrom unknown origin. Could not find user data for request.
7월 22, 2018 18:15:40.62 [15428:4000:0722/181540.621:ERROR:extension_protocols.cc(564)] Allowing load of chrome-extension://dagcmkpagjlhakfdhnbomgmjdpkdklff/content-chrome-bundle.js.mapfrom unknown origin. Could not find user data for request.
7월 22, 2018 18:16:35.14 [0722/181635.144:ERROR:crash_report_database_win.cc(428)] unexpected header
7월 22, 2018 18:16:40.85 [15428:4000:0722/181640.858:ERROR:extension_protocols.cc(564)] Allowing load of chrome-extension://dagcmkpagjlhakfdhnbomgmjdpkdklff/content-chrome-bundle.js.mapfrom unknown origin. Could not find user data for request.
7월 22, 2018 18:16:42.47 [15428:4000:0722/181642.471:ERROR:extension_protocols.cc(564)] Allowing load of chrome-extension://dagcmkpagjlhakfdhnbomgmjdpkdklff/content-chrome-bundle.js.mapfrom unknown origin. Could not find user data for request.
7월 22, 2018 18:16:59.23 [15428:4000:0722/181659.233:ERROR:extension_protocols.cc(564)] Allowing load of chrome-extension://dagcmkpagjlhakfdhnbomgmjdpkdklff/content-chrome-bundle.js.mapfrom unknown origin. Could not find user data for request.
7월 22, 2018 18:17:41.21 [0722/181741.214:ERROR:crash_report_database_win.cc(428)] unexpected header
7월 22, 2018 18:17:45.37 [15428:4000:0722/181745.371:ERROR:extension_protocols.cc(564)] Allowing load of chrome-extension://dagcmkpagjlhakfdhnbomgmjdpkdklff/content-chrome-bundle.js.mapfrom unknown origin. Could not find user data for request.
7월 22, 2018 18:17:47.00 [15428:4000:0722/181747.005:ERROR:extension_protocols.cc(564)] Allowing load of chrome-extension://dagcmkpagjlhakfdhnbomgmjdpkdklff/content-chrome-bundle.js.mapfrom unknown origin. Could not find user data for request.
7월 22, 2018 18:19:15.42 [0722/181915.425:ERROR:crash_report_database_win.cc(428)] unexpected header
7월 22, 2018 18:19:15.42 [0722/181915.425:ERROR:crash_report_database_win.cc(428)] unexpected header
7월 22, 2018 18:22:29.87 [0722/182229.873:ERROR:crash_report_database_win.cc(428)] unexpected header
7월 22, 2018 18:22:32.43 [15428:4000:0722/182232.431:ERROR:extension_protocols.cc(564)] Allowing load of chrome-extension://dagcmkpagjlhakfdhnbomgmjdpkdklff/content-chrome-bundle.js.mapfrom unknown origin. Could not find user data for request.
7월 22, 2018 18:22:35.57 [15428:4000:0722/182235.571:ERROR:extension_protocols.cc(564)] Allowing load of chrome-extension://dagcmkpagjlhakfdhnbomgmjdpkdklff/content-chrome-bundle.js.mapfrom unknown origin. Could not find user data for request.
7월 22, 2018 18:23:07.24 [0722/182307.244:ERROR:crash_report_database_win.cc(428)] unexpected header
7월 22, 2018 18:23:12.38 [15428:4000:0722/182312.386:ERROR:extension_protocols.cc(564)] Allowing load of chrome-extension://dagcmkpagjlhakfdhnbomgmjdpkdklff/content-chrome-bundle.js.mapfrom unknown origin. Could not find user data for request.
7월 22, 2018 18:23:13.83 [15428:4000:0722/182313.831:ERROR:extension_protocols.cc(564)] Allowing load of chrome-extension://dagcmkpagjlhakfdhnbomgmjdpkdklff/content-chrome-bundle.js.mapfrom unknown origin. Could not find user data for request.
7월 22, 2018 18:23:24.40 [0722/182324.406:ERROR:crash_report_database_win.cc(428)] unexpected header
7월 22, 2018 18:23:30.20 [15428:4000:0722/182330.206:ERROR:extension_protocols.cc(564)] Allowing load of chrome-extension://dagcmkpagjlhakfdhnbomgmjdpkdklff/content-chrome-bundle.js.mapfrom unknown origin. Could not find user data for request.
7월 22, 2018 18:23:31.78 [15428:4000:0722/182331.787:ERROR:extension_protocols.cc(564)] Allowing load of chrome-extension://dagcmkpagjlhakfdhnbomgmjdpkdklff/content-chrome-bundle.js.mapfrom unknown origin. Could not find user data for request.
7월 22, 2018 18:23:56.78 [0722/182356.788:ERROR:crash_report_database_win.cc(428)] unexpected header
7월 22, 2018 18:24:15.42 [0722/182415.425:ERROR:crash_report_database_win.cc(428)] unexpected header
7월 22, 2018 18:25:21.54 [15428:4000:0722/182521.549:ERROR:extension_protocols.cc(564)] Allowing load of chrome-extension://dagcmkpagjlhakfdhnbomgmjdpkdklff/content-chrome-bundle.js.mapfrom unknown origin. Could not find user data for request.
7월 22, 2018 18:25:23.34 [15428:4000:0722/182523.349:ERROR:extension_protocols.cc(564)] Allowing load of chrome-extension://dagcmkpagjlhakfdhnbomgmjdpkdklff/content-chrome-bundle.js.mapfrom unknown origin. Could not find user data for request.
7월 22, 2018 18:25:56.99 [15428:4000:0722/182556.993:ERROR:extension_protocols.cc(564)] Allowing load of chrome-extension://dagcmkpagjlhakfdhnbomgmjdpkdklff/content-chrome-bundle.js.mapfrom unknown origin. Could not find user data for request.
7월 22, 2018 18:26:16.00 [15428:4000:0722/182616.006:ERROR:extension_protocols.cc(564)] Allowing load of chrome-extension://dagcmkpagjlhakfdhnbomgmjdpkdklff/content-chrome-bundle.js.mapfrom unknown origin. Could not find user data for request.
7월 22, 2018 18:26:30.87 [15428:4000:0722/182630.870:ERROR:extension_protocols.cc(564)] Allowing load of chrome-extension://dagcmkpagjlhakfdhnbomgmjdpkdklff/content-chrome-bundle.js.mapfrom unknown origin. Could not find user data for request.
7월 22, 2018 18:39:15.42 [0722/183915.426:ERROR:crash_report_database_win.cc(428)] unexpected header
7월 22, 2018 18:44:04.19 [15428:4000:0722/184404.195:ERROR:extension_protocols.cc(564)] Allowing load of chrome-extension://dagcmkpagjlhakfdhnbomgmjdpkdklff/content-chrome-bundle.js.mapfrom unknown origin. Could not find user data for request.
7월 22, 2018 18:44:05.61 [15428:4000:0722/184405.614:ERROR:extension_protocols.cc(564)] Allowing load of chrome-extension://dagcmkpagjlhakfdhnbomgmjdpkdklff/content-chrome-bundle.js.mapfrom unknown origin. Could not find user data for request.
